Determining if the function srand48 exists failed with the following output:
Change Dir: D:/Development/op3d_active/spatialindex-1.8.1/msvc/CMakeFiles/CMakeTmp

Run Build Command:C:\PROGRA~2\MICROS~3.0\Common7\IDE\devenv.com CMAKE_TRY_COMPILE.sln /build Debug /project cmTryCompileExec3988507303

Microsoft (R) Microsoft Visual Studio 2012 Version 11.0.61030.0.
Copyright (C) Microsoft Corp. All rights reserved.
1>------ Build started: Project: cmTryCompileExec3988507303, Configuration: Debug Win32 ------
1>  Microsoft (R) C/C++ Optimizing Compiler Version 17.00.61030 for x86
1>  Copyright (C) Microsoft Corporation.  All rights reserved.
1>  
1>  cl /c /Zi /W3 /WX- /Od /Ob0 /Oy- /D WIN32 /D _WINDOWS /D CHECK_FUNCTION_EXISTS=srand48 /D _DEBUG /D "CMAKE_INTDIR=\"Debug\"" /D _MBCS /Gm- /RTC1 /MDd /GS /fp:precise /Zc:wchar_t /Zc:forScope /Fo"cmTryCompileExec3988507303.dir\Debug\\" /Fd"D:/Development/op3d_active/spatialindex-1.8.1/msvc/CMakeFiles/CMakeTmp/Debug/cmTryCompileExec3988507303.pdb" /Gd /TC /analyze- /errorReport:prompt  /Zm1000 "C:\Program Files (x86)\CMake 2.8\share\cmake-2.8\Modules\CheckFunctionExists.c"
1>  
1>  CheckFunctionExists.c
1>CheckFunctionExists.obj : error LNK2019: unresolved external symbol _srand48 referenced in function _main
1>D:\Development\op3d_active\spatialindex-1.8.1\msvc\CMakeFiles\CMakeTmp\Debug\cmTryCompileExec3988507303.exe : fatal error LNK1120: 1 unresolved externals
========== Build: 0 succeeded, 1 failed, 0 up-to-date, 0 skipped ==========


Determining if the function gettimeofday exists failed with the following output:
Change Dir: D:/Development/op3d_active/spatialindex-1.8.1/msvc/CMakeFiles/CMakeTmp

Run Build Command:C:\PROGRA~2\MICROS~3.0\Common7\IDE\devenv.com CMAKE_TRY_COMPILE.sln /build Debug /project cmTryCompileExec1190692858

Microsoft (R) Microsoft Visual Studio 2012 Version 11.0.61030.0.
Copyright (C) Microsoft Corp. All rights reserved.
1>------ Build started: Project: cmTryCompileExec1190692858, Configuration: Debug Win32 ------
1>  Microsoft (R) C/C++ Optimizing Compiler Version 17.00.61030 for x86
1>  Copyright (C) Microsoft Corporation.  All rights reserved.
1>  
1>  cl /c /Zi /W3 /WX- /Od /Ob0 /Oy- /D WIN32 /D _WINDOWS /D CHECK_FUNCTION_EXISTS=gettimeofday /D _DEBUG /D "CMAKE_INTDIR=\"Debug\"" /D _MBCS /Gm- /RTC1 /MDd /GS /fp:precise /Zc:wchar_t /Zc:forScope /Fo"cmTryCompileExec1190692858.dir\Debug\\" /Fd"D:/Development/op3d_active/spatialindex-1.8.1/msvc/CMakeFiles/CMakeTmp/Debug/cmTryCompileExec1190692858.pdb" /Gd /TC /analyze- /errorReport:prompt  /Zm1000 "C:\Program Files (x86)\CMake 2.8\share\cmake-2.8\Modules\CheckFunctionExists.c"
1>  
1>  CheckFunctionExists.c
1>CheckFunctionExists.obj : error LNK2019: unresolved external symbol _gettimeofday referenced in function _main
1>D:\Development\op3d_active\spatialindex-1.8.1\msvc\CMakeFiles\CMakeTmp\Debug\cmTryCompileExec1190692858.exe : fatal error LNK1120: 1 unresolved externals
========== Build: 0 succeeded, 1 failed, 0 up-to-date, 0 skipped ==========


Determining if the function bcopy exists failed with the following output:
Change Dir: D:/Development/op3d_active/spatialindex-1.8.1/msvc/CMakeFiles/CMakeTmp

Run Build Command:C:\PROGRA~2\MICROS~3.0\Common7\IDE\devenv.com CMAKE_TRY_COMPILE.sln /build Debug /project cmTryCompileExec1976781607

Microsoft (R) Microsoft Visual Studio 2012 Version 11.0.61030.0.
Copyright (C) Microsoft Corp. All rights reserved.
1>------ Build started: Project: cmTryCompileExec1976781607, Configuration: Debug Win32 ------
1>  Microsoft (R) C/C++ Optimizing Compiler Version 17.00.61030 for x86
1>  Copyright (C) Microsoft Corporation.  All rights reserved.
1>  
1>  cl /c /Zi /W3 /WX- /Od /Ob0 /Oy- /D WIN32 /D _WINDOWS /D CHECK_FUNCTION_EXISTS=bcopy /D _DEBUG /D "CMAKE_INTDIR=\"Debug\"" /D _MBCS /Gm- /RTC1 /MDd /GS /fp:precise /Zc:wchar_t /Zc:forScope /Fo"cmTryCompileExec1976781607.dir\Debug\\" /Fd"D:/Development/op3d_active/spatialindex-1.8.1/msvc/CMakeFiles/CMakeTmp/Debug/cmTryCompileExec1976781607.pdb" /Gd /TC /analyze- /errorReport:prompt  /Zm1000 "C:\Program Files (x86)\CMake 2.8\share\cmake-2.8\Modules\CheckFunctionExists.c"
1>  
1>  CheckFunctionExists.c
1>CheckFunctionExists.obj : error LNK2019: unresolved external symbol _bcopy referenced in function _main
1>D:\Development\op3d_active\spatialindex-1.8.1\msvc\CMakeFiles\CMakeTmp\Debug\cmTryCompileExec1976781607.exe : fatal error LNK1120: 1 unresolved externals
========== Build: 0 succeeded, 1 failed, 0 up-to-date, 0 skipped ==========


Determining if files pthread.h exist failed with the following output:
Change Dir: D:/Development/op3d_active/spatialindex-1.8.1/msvc/CMakeFiles/CMakeTmp

Run Build Command:C:\PROGRA~2\MICROS~3.0\Common7\IDE\devenv.com CMAKE_TRY_COMPILE.sln /build Debug /project cmTryCompileExec3944404249

Microsoft (R) Microsoft Visual Studio 2012 Version 11.0.61030.0.
Copyright (C) Microsoft Corp. All rights reserved.
1>------ Build started: Project: cmTryCompileExec3944404249, Configuration: Debug Win32 ------
1>  Microsoft (R) C/C++ Optimizing Compiler Version 17.00.61030 for x86
1>  Copyright (C) Microsoft Corporation.  All rights reserved.
1>  
1>  cl /c /Zi /W3 /WX- /Od /Ob0 /Oy- /D WIN32 /D _WINDOWS /D _DEBUG /D "CMAKE_INTDIR=\"Debug\"" /D _MBCS /Gm- /RTC1 /MDd /GS /fp:precise /Zc:wchar_t /Zc:forScope /Fo"cmTryCompileExec3944404249.dir\Debug\\" /Fd"D:/Development/op3d_active/spatialindex-1.8.1/msvc/CMakeFiles/CMakeTmp/Debug/cmTryCompileExec3944404249.pdb" /Gd /TC /analyze- /errorReport:prompt  /Zm1000 CheckIncludeFiles.c
1>  
1>  CheckIncludeFiles.c
1>CheckIncludeFiles.c(2): fatal error C1083: Cannot open include file: 'pthread.h': No such file or directory
========== Build: 0 succeeded, 1 failed, 0 up-to-date, 0 skipped ==========

Source:
/* */
#include <pthread.h>


int main(){return 0;}

